2024-07-23T11:44:49.711296+00:00 app[web.1]: File "/app/.heroku/python/lib/python3.12/site-packages/gunicorn/arbiter.py", line 589, in spawn_worker
2024-07-23T11:44:49.711297+00:00 app[web.1]: worker.init_process()
2024-07-23T11:44:49.711297+00:00 app[web.1]: File "/app/.heroku/python/lib/python3.12/site-packages/gunicorn/workers/base.py", line 134, in init_process
2024-07-23T11:44:49.711297+00:00 app[web.1]: self.load_wsgi()
2024-07-23T11:44:49.711298+00:00 app[web.1]: File "/app/.heroku/python/lib/python3.12/site-packages/gunicorn/workers/base.py", line 146, in load_wsgi
2024-07-23T11:44:49.711298+00:00 app[web.1]: self.wsgi = self.app.wsgi()
2024-07-23T11:44:49.711298+00:00 app[web.1]: ^^^^^^^^^^^^^^^
2024-07-23T11:44:49.711298+00:00 app[web.1]: File "/app/.heroku/python/lib/python3.12/site-packages/gunicorn/app/base.py", line 67, in wsgi
2024-07-23T11:44:49.711299+00:00 app[web.1]: self.callable = self.load()
2024-07-23T11:44:49.711299+00:00 app[web.1]: ^^^^^^^^^^^
2024-07-23T11:44:49.711299+00:00 app[web.1]: File "/app/.heroku/python/lib/python3.12/site-packages/gunicorn/app/wsgiapp.py", line 58, in load
2024-07-23T11:44:49.711299+00:00 app[web.1]: return self.load_wsgiapp()
2024-07-23T11:44:49.711299+00:00 app[web.1]: ^^^^^^^^^^^^^^^^^^^
2024-07-23T11:44:49.711299+00:00 app[web.1]: File "/app/.heroku/python/lib/python3.12/site-packages/gunicorn/app/wsgiapp.py", line 48, in load_wsgiapp
2024-07-23T11:44:49.711300+00:00 app[web.1]: return util.import_app(self.app_uri)
2024-07-23T11:44:49.711300+00:00 app[web.1]: ^^^^^^^^^^^^^^^^^^^^^^^^^^^^^
2024-07-23T11:44:49.711300+00:00 app[web.1]: File "/app/.heroku/python/lib/python3.12/site-packages/gunicorn/util.py", line 359, in import_app
2024-07-23T11:44:49.711300+00:00 app[web.1]: mod = importlib.import_module(module)
2024-07-23T11:44:49.711301+00:00 app[web.1]: ^^^^^^^^^^^^^^^^^^^^^^^^^^^^^^^
2024-07-23T11:44:49.711301+00:00 app[web.1]: File "/app/.heroku/python/lib/python3.12/importlib/__init__.py", line 90, in import_module
2024-07-23T11:44:49.711301+00:00 app[web.1]: return _bootstrap._gcd_import(name[level:], package, level)
2024-07-23T11:44:49.711301+00:00 app[web.1]: ^^^^^^^^^^^^^^^^^^^^^^^^^^^^^^^^^^^^^^^^^^^^^^^^^^^^
2024-07-23T11:44:49.711302+00:00 app[web.1]: File "<frozen importlib._bootstrap>", line 1387, in _gcd_import
2024-07-23T11:44:49.711302+00:00 app[web.1]: File "<frozen importlib._bootstrap>", line 1360, in _find_and_load
2024-07-23T11:44:49.711302+00:00 app[web.1]: File "<frozen importlib._bootstrap>", line 1331, in _find_and_load_unlocked
2024-07-23T11:44:49.711302+00:00 app[web.1]: File "<frozen importlib._bootstrap>", line 935, in _load_unlocked
2024-07-23T11:44:49.711303+00:00 app[web.1]: File "<frozen importlib._bootstrap_external>", line 995, in exec_module
2024-07-23T11:44:49.711303+00:00 app[web.1]: File "<frozen importlib._bootstrap>", line 488, in _call_with_frames_removed
2024-07-23T11:44:49.711303+00:00 app[web.1]: File "/app/reddit_news/wsgi.py", line 16, in <module>
2024-07-23T11:44:49.711303+00:00 app[web.1]: application = get_wsgi_application()
2024-07-23T11:44:49.711304+00:00 app[web.1]: ^^^^^^^^^^^^^^^^^^^^^^
2024-07-23T11:44:49.711304+00:00 app[web.1]: File "/app/.heroku/python/lib/python3.12/site-packages/django/core/wsgi.py", line 12, in get_wsgi_application
2024-07-23T11:44:49.711304+00:00 app[web.1]: django.setup(set_prefix=False)
2024-07-23T11:44:49.711304+00:00 app[web.1]: File "/app/.heroku/python/lib/python3.12/site-packages/django/__init__.py", line 19, in setup
2024-07-23T11:44:49.711304+00:00 app[web.1]: configure_logging(settings.LOGGING_CONFIG, settings.LOGGING)
2024-07-23T11:44:49.711304+00:00 app[web.1]: ^^^^^^^^^^^^^^^^^^^^^^^
2024-07-23T11:44:49.711305+00:00 app[web.1]: File "/app/.heroku/python/lib/python3.12/site-packages/django/conf/__init__.py", line 89, in __getattr__
2024-07-23T11:44:49.711305+00:00 app[web.1]: self._setup(name)
2024-07-23T11:44:49.711305+00:00 app[web.1]: File "/app/.heroku/python/lib/python3.12/site-packages/django/conf/__init__.py", line 76, in _setup
2024-07-23T11:44:49.711305+00:00 app[web.1]: self._wrapped = Settings(settings_module)
2024-07-23T11:44:49.711305+00:00 app[web.1]: ^^^^^^^^^^^^^^^^^^^^^^^^^
2024-07-23T11:44:49.711305+00:00 app[web.1]: File "/app/.heroku/python/lib/python3.12/site-packages/django/conf/__init__.py", line 190, in __init__
2024-07-23T11:44:49.711305+00:00 app[web.1]: mod = importlib.import_module(self.SETTINGS_MODULE)
2024-07-23T11:44:49.711305+00:00 app[web.1]: ^^^^^^^^^^^^^^^^^^^^^^^^^^^^^^^^^^^^^^^^^^^^^
2024-07-23T11:44:49.711305+00:00 app[web.1]: File "/app/.heroku/python/lib/python3.12/importlib/__init__.py", line 90, in import_module
2024-07-23T11:44:49.711306+00:00 app[web.1]: return _bootstrap._gcd_import(name[level:], package, level)
2024-07-23T11:44:49.711306+00:00 app[web.1]: ^^^^^^^^^^^^^^^^^^^^^^^^^^^^^^^^^^^^^^^^^^^^^^^^^^^^
2024-07-23T11:44:49.711306+00:00 app[web.1]: File "<frozen importlib._bootstrap>", line 1387, in _gcd_import
2024-07-23T11:44:49.711306+00:00 app[web.1]: File "<frozen importlib._bootstrap>", line 1360, in _find_and_load
2024-07-23T11:44:49.711306+00:00 app[web.1]: File "<frozen importlib._bootstrap>", line 1331, in _find_and_load_unlocked
2024-07-23T11:44:49.711306+00:00 app[web.1]: File "<frozen importlib._bootstrap>", line 935, in _load_unlocked
2024-07-23T11:44:49.711306+00:00 app[web.1]: File "<frozen importlib._bootstrap_external>", line 995, in exec_module
2024-07-23T11:44:49.711306+00:00 app[web.1]: File "<frozen importlib._bootstrap>", line 488, in _call_with_frames_removed
2024-07-23T11:44:49.711306+00:00 app[web.1]: File "/app/reddit_news/settings.py", line 109, in <module>
2024-07-23T11:44:49.711307+00:00 app[web.1]: 'default': dj_database_url.parse(os.environ.get('DATABASE_URL'))
2024-07-23T11:44:49.711307+00:00 app[web.1]: ^^^^^^^^^^^^^^^^^^^^^^^^^^^^^^^^^^^^^^^^^^^^^^^^^^^^^
2024-07-23T11:44:49.711307+00:00 app[web.1]: File "/app/.heroku/python/lib/python3.12/site-packages/dj_database_url.py", line 80, in parse
2024-07-23T11:44:49.711307+00:00 app[web.1]: if '?' in path and not url.query:
2024-07-23T11:44:49.711307+00:00 app[web.1]: ^^^^^^^^^^^
2024-07-23T11:44:49.711307+00:00 app[web.1]: TypeError: a bytes-like object is required, not 'str'
2024-07-23T11:44:49.711411+00:00 app[web.1]: [2024-07-23 06:44:49 -0500] [10] [INFO] Worker exiting (pid: 10)
2024-07-23T11:44:49.765617+00:00 app[web.1]: Traceback (most recent call last):
2024-07-23T11:44:49.765622+00:00 app[web.1]: File "/app/.heroku/python/lib/python3.12/site-packages/gunicorn/arbiter.py", line 209, in run
2024-07-23T11:44:49.765763+00:00 app[web.1]: self.sleep()
2024-07-23T11:44:49.765796+00:00 app[web.1]: File "/app/.heroku/python/lib/python3.12/site-packages/gunicorn/arbiter.py", line 357, in sleep
2024-07-23T11:44:49.765896+00:00 app[web.1]: ready = select.select([self.PIPE[0]], [], [], 1.0)
2024-07-23T11:44:49.766004+00:00 app[web.1]: ^^^^^^^^^^^^^^^^^^^^^^^^^^^^^^^^^^^^^^^^^^
2024-07-23T11:44:49.766014+00:00 app[web.1]: File "/app/.heroku/python/lib/python3.12/site-packages/gunicorn/arbiter.py", line 242, in handle_chld
2024-07-23T11:44:49.766073+00:00 app[web.1]: self.reap_workers()
2024-07-23T11:44:49.766091+00:00 app[web.1]: File "/app/.heroku/python/lib/python3.12/site-packages/gunicorn/arbiter.py", line 525, in reap_workers
2024-07-23T11:44:49.766181+00:00 app[web.1]: raise HaltServer(reason, self.WORKER_BOOT_ERROR)
2024-07-23T11:44:49.766219+00:00 app[web.1]: gunicorn.errors.HaltServer: <HaltServer 'Worker failed to boot.' 3>
2024-07-23T11:44:49.766220+00:00 app[web.1]: 
2024-07-23T11:44:49.766221+00:00 app[web.1]: During handling of the above exception, another exception occurred:
2024-07-23T11:44:49.766225+00:00 app[web.1]: 
2024-07-23T11:44:49.766234+00:00 app[web.1]: Traceback (most recent call last):
2024-07-23T11:44:49.766238+00:00 app[web.1]: File "/app/.heroku/python/bin/gunicorn", line 8, in <module>
2024-07-23T11:44:49.766274+00:00 app[web.1]: sys.exit(run())
2024-07-23T11:44:49.766308+00:00 app[web.1]: ^^^^^
2024-07-23T11:44:49.766318+00:00 app[web.1]: File "/app/.heroku/python/lib/python3.12/site-packages/gunicorn/app/wsgiapp.py", line 67, in run
2024-07-23T11:44:49.766358+00:00 app[web.1]: WSGIApplication("%(prog)s [OPTIONS] [APP_MODULE]").run()
2024-07-23T11:44:49.766380+00:00 app[web.1]: File "/app/.heroku/python/lib/python3.12/site-packages/gunicorn/app/base.py", line 231, in run
2024-07-23T11:44:49.766440+00:00 app[web.1]: super().run()
2024-07-23T11:44:49.766458+00:00 app[web.1]: File "/app/.heroku/python/lib/python3.12/site-packages/gunicorn/app/base.py", line 72, in run
2024-07-23T11:44:49.766495+00:00 app[web.1]: Arbiter(self).run()
2024-07-23T11:44:49.766515+00:00 app[web.1]: File "/app/.heroku/python/lib/python3.12/site-packages/gunicorn/arbiter.py", line 229, in run
2024-07-23T11:44:49.766569+00:00 app[web.1]: self.halt(reason=inst.reason, exit_status=inst.exit_status)
2024-07-23T11:44:49.766593+00:00 app[web.1]: File "/app/.heroku/python/lib/python3.12/site-packages/gunicorn/arbiter.py", line 342, in halt
2024-07-23T11:44:49.766663+00:00 app[web.1]: self.stop()
2024-07-23T11:44:49.766679+00:00 app[web.1]: File "/app/.heroku/python/lib/python3.12/site-packages/gunicorn/arbiter.py", line 393, in stop
2024-07-23T11:44:49.766753+00:00 app[web.1]: time.sleep(0.1)
2024-07-23T11:44:49.766773+00:00 app[web.1]: File "/app/.heroku/python/lib/python3.12/site-packages/gunicorn/arbiter.py", line 242, in handle_chld
2024-07-23T11:44:49.766831+00:00 app[web.1]: self.reap_workers()
2024-07-23T11:44:49.766853+00:00 app[web.1]: File "/app/.heroku/python/lib/python3.12/site-packages/gunicorn/arbiter.py", line 525, in reap_workers
2024-07-23T11:44:49.766936+00:00 app[web.1]: raise HaltServer(reason, self.WORKER_BOOT_ERROR)
2024-07-23T11:44:49.766964+00:00 app[web.1]: gunicorn.errors.HaltServer: <HaltServer 'Worker failed to boot.' 3>
2024-07-23T11:44:49.826697+00:00 heroku[web.1]: Process exited with status 1
2024-07-23T11:44:49.853309+00:00 heroku[web.1]: State changed from up to crashed
2024-07-23T11:50:41.000815+00:00 heroku[router]: at=error code=H10 desc="App crashed" method=GET path="/" host=pp4-news-eb7b0cc22f26.herokuapp.com request_id=efb0a766-4541-4d30-ab8a-73d97e0733d0 fwd="80.111.12.53" dyno= connect= service= status=503 bytes= protocol=https
2024-07-23T11:50:41.318656+00:00 heroku[router]: at=error code=H10 desc="App crashed" method=GET path="/favicon.ico" host=pp4-news-eb7b0cc22f26.herokuapp.com request_id=c796c8e2-7af8-423f-b032-6aae09f106de fwd="80.111.12.53" dyno= connect= service= status=503 bytes= protocol=https